This is pdfTeX, Version 3.14159265-2.6-1.40.18 (TeX Live 2017) (preloaded format=pdflatex 2017.5.23)  2 MAY 2018 13:29
entering extended mode
 restricted \write18 enabled.
 file:line:error style messages enabled.
 %&-line parsing enabled.
**unlv-thesis.tex
(./unlv-thesis.tex
LaTeX2e <2017-04-15>
Babel <3.10> and hyphenation patterns for 84 language(s) loaded.
(/usr/local/texlive/2017/texmf-dist/tex/latex/base/report.cls
Document Class: report 2014/09/29 v1.4h Standard LaTeX document class
(/usr/local/texlive/2017/texmf-dist/tex/latex/base/size11.clo
File: size11.clo 2014/09/29 v1.4h Standard LaTeX file (size option)
)
\c@part=\count79
\c@chapter=\count80
\c@section=\count81
\c@subsection=\count82
\c@subsubsection=\count83
\c@paragraph=\count84
\c@subparagraph=\count85
\c@figure=\count86
\c@table=\count87
\abovecaptionskip=\skip41
\belowcaptionskip=\skip42
\bibindent=\dimen102
)
(/usr/local/texlive/2017/texmf-dist/tex/latex/graphics/graphicx.sty
Package: graphicx 2014/10/28 v1.0g Enhanced LaTeX Graphics (DPC,SPQR)

(/usr/local/texlive/2017/texmf-dist/tex/latex/graphics/keyval.sty
Package: keyval 2014/10/28 v1.15 key=value parser (DPC)
\KV@toks@=\toks14
)
(/usr/local/texlive/2017/texmf-dist/tex/latex/graphics/graphics.sty
Package: graphics 2017/04/14 v1.1b Standard LaTeX Graphics (DPC,SPQR)

(/usr/local/texlive/2017/texmf-dist/tex/latex/graphics/trig.sty
Package: trig 2016/01/03 v1.10 sin cos tan (DPC)
)
(/usr/local/texlive/2017/texmf-dist/tex/latex/graphics-cfg/graphics.cfg
File: graphics.cfg 2016/06/04 v1.11 sample graphics configuration
)
Package graphics Info: Driver file: pdftex.def on input line 99.

(/usr/local/texlive/2017/texmf-dist/tex/latex/graphics-def/pdftex.def
File: pdftex.def 2017/01/12 v0.06k Graphics/color for pdfTeX

(/usr/local/texlive/2017/texmf-dist/tex/generic/oberdiek/infwarerr.sty
Package: infwarerr 2016/05/16 v1.4 Providing info/warning/error messages (HO)
)
(/usr/local/texlive/2017/texmf-dist/tex/generic/oberdiek/ltxcmds.sty
Package: ltxcmds 2016/05/16 v1.23 LaTeX kernel commands for general use (HO)
)
\Gread@gobject=\count88
))
\Gin@req@height=\dimen103
\Gin@req@width=\dimen104
)
(/usr/local/texlive/2017/texmf-dist/tex/latex/graphics/color.sty
Package: color 2016/07/10 v1.1e Standard LaTeX Color (DPC)

(/usr/local/texlive/2017/texmf-dist/tex/latex/graphics-cfg/color.cfg
File: color.cfg 2016/01/02 v1.6 sample color configuration
)
Package color Info: Driver file: pdftex.def on input line 147.
)
(/usr/local/texlive/2017/texmf-dist/tex/latex/tocbibind/tocbibind.sty
Package: tocbibind 2010/10/13 v1.5k extra ToC listings
Package tocbibind Info: The document has chapter divisions on input line 50.


Package tocbibind Note: Using chapter style headings, unless overridden.

) (/usr/local/texlive/2017/texmf-dist/tex/latex/algorithm2e/algorithm2e.sty
Package: algorithm2e 2013/01/06 v5.00 algorithms environments
\c@AlgoLine=\count89

(/usr/local/texlive/2017/texmf-dist/tex/latex/base/ifthen.sty
Package: ifthen 2014/09/29 v1.1c Standard LaTeX ifthen package (DPC)
)
\algocf@hangindent=\skip43

(/usr/local/texlive/2017/texmf-dist/tex/latex/tools/xspace.sty
Package: xspace 2014/10/28 v1.13 Space after command names (DPC,MH)
)
(/usr/local/texlive/2017/texmf-dist/tex/latex/relsize/relsize.sty
Package: relsize 2013/03/29 ver 4.1
)
********************************************************
Package `algorithm2e' Release 5.1 -- october 19 2015 --
- algorithm2e-announce@lirmm.fr mailing list for announcement about releases
- algorithm2e-discussion@lirmm.fr mailing list for discussion about package
subscribe by emailing sympa@lirmm.fr with 'subscribe <list> <firstname name>'
- Author: Christophe Fiorio (christophe.fiorio@umontpellier.fr)
********************************************************
\skiptotal=\skip44
\skiplinenumber=\skip45
\skiprule=\skip46
\skiphlne=\skip47
\skiptext=\skip48
\skiplength=\skip49
\algomargin=\skip50
\skipalgocfslide=\skip51
\algowidth=\dimen105
\inoutsize=\dimen106
\inoutindent=\dimen107
\interspacetitleruled=\dimen108
\interspacealgoruled=\dimen109
\interspacetitleboxruled=\dimen110
\algocf@ruledwidth=\skip52
\algocf@inoutbox=\box26
\algocf@inputbox=\box27
\AlCapSkip=\skip53
\AlCapHSkip=\skip54
\algoskipindent=\skip55
\algocf@nlbox=\box28
\algocf@hangingbox=\box29
\algocf@untilbox=\box30
\algocf@skipuntil=\skip56
\algocf@capbox=\box31
\algoheightruledefault=\skip57
\algoheightrule=\skip58
\algotitleheightruledefault=\skip59
\algotitleheightrule=\skip60
\c@algocfline=\count90
\c@algocfproc=\count91
\c@algocf=\count92
\algocf@algoframe=\box32
\algocf@algobox=\box33
) (/usr/local/texlive/2017/texmf-dist/tex/latex/caption/subcaption.sty
Package: subcaption 2016/05/22 v1.1-161 Sub-captions (AR)

(/usr/local/texlive/2017/texmf-dist/tex/latex/caption/caption.sty
Package: caption 2016/02/21 v3.3-144 Customizing captions (AR)

(/usr/local/texlive/2017/texmf-dist/tex/latex/caption/caption3.sty
Package: caption3 2016/05/22 v1.7-166 caption3 kernel (AR)
Package caption3 Info: TeX engine: e-TeX on input line 67.
\captionmargin=\dimen111
\captionmargin@=\dimen112
\captionwidth=\dimen113
\caption@tempdima=\dimen114
\caption@indent=\dimen115
\caption@parindent=\dimen116
\caption@hangindent=\dimen117
)
\c@ContinuedFloat=\count93
)
\c@subfigure=\count94
\c@subtable=\count95
)
(/usr/local/texlive/2017/texmf-dist/tex/latex/fancyhdr/fancyhdr.sty
Package: fancyhdr 2016/09/06 3.8 Extensive control of page headers and footers
\fancy@headwidth=\skip61
\f@ncyO@elh=\skip62
\f@ncyO@erh=\skip63
\f@ncyO@olh=\skip64
\f@ncyO@orh=\skip65
\f@ncyO@elf=\skip66
\f@ncyO@erf=\skip67
\f@ncyO@olf=\skip68
\f@ncyO@orf=\skip69
)
(./unlv-thesis.sty
*************************************************************
** UT Austin Thesis Style File, version 2.0, January 1995 
** Modified for UBC, Department of Computer Science, December 1995
** Modified for UNLV, Department of Computer Science, December 2013
*************************************************************
(/usr/local/texlive/2017/texmf-dist/tex/latex/tools/calc.sty
Package: calc 2014/10/28 v4.3 Infix arithmetic (KKT,FJ)
\calc@Acount=\count96
\calc@Bcount=\count97
\calc@Adimen=\dimen118
\calc@Bdimen=\dimen119
\calc@Askip=\skip70
\calc@Bskip=\skip71
LaTeX Info: Redefining \setlength on input line 80.
LaTeX Info: Redefining \addtolength on input line 81.
\calc@Ccount=\count98
\calc@Cskip=\skip72
)
(/usr/local/texlive/2017/texmf-dist/tex/latex/textcase/textcase.sty
Package: textcase 2004/10/07 v0.07 Text only upper/lower case changing (DPC)
)
\c@thesiscommitteesize=\count99
\c@dosignatures=\count100
\hour=\count101
\minute=\count102
\dow=\count103
\leap=\count104
\x=\count105
\y=\count106
)
(/usr/local/texlive/2017/texmf-dist/tex/latex/hyperref/hyperref.sty
Package: hyperref 2017/03/14 v6.85a Hypertext links for LaTeX

(/usr/local/texlive/2017/texmf-dist/tex/generic/oberdiek/hobsub-hyperref.sty
Package: hobsub-hyperref 2016/05/16 v1.14 Bundle oberdiek, subset hyperref (HO)


(/usr/local/texlive/2017/texmf-dist/tex/generic/oberdiek/hobsub-generic.sty
Package: hobsub-generic 2016/05/16 v1.14 Bundle oberdiek, subset generic (HO)
Package: hobsub 2016/05/16 v1.14 Construct package bundles (HO)
Package hobsub Info: Skipping package `infwarerr' (already loaded).
Package hobsub Info: Skipping package `ltxcmds' (already loaded).
Package: ifluatex 2016/05/16 v1.4 Provides the ifluatex switch (HO)
Package ifluatex Info: LuaTeX not detected.
Package: ifvtex 2016/05/16 v1.6 Detect VTeX and its facilities (HO)
Package ifvtex Info: VTeX not detected.
Package: intcalc 2016/05/16 v1.2 Expandable calculations with integers (HO)
Package: ifpdf 2017/03/15 v3.2 Provides the ifpdf switch
Package: etexcmds 2016/05/16 v1.6 Avoid name clashes with e-TeX commands (HO)
Package etexcmds Info: Could not find \expanded.
(etexcmds)             That can mean that you are not using pdfTeX 1.50 or
(etexcmds)             that some package has redefined \expanded.
(etexcmds)             In the latter case, load this package earlier.
Package: kvsetkeys 2016/05/16 v1.17 Key value parser (HO)
Package: kvdefinekeys 2016/05/16 v1.4 Define keys (HO)
Package: pdftexcmds 2017/03/19 v0.25 Utility functions of pdfTeX for LuaTeX (HO
)
Package pdftexcmds Info: LuaTeX not detected.
Package pdftexcmds Info: \pdf@primitive is available.
Package pdftexcmds Info: \pdf@ifprimitive is available.
Package pdftexcmds Info: \pdfdraftmode found.
Package: pdfescape 2016/05/16 v1.14 Implements pdfTeX's escape features (HO)
Package: bigintcalc 2016/05/16 v1.4 Expandable calculations on big integers (HO
)
Package: bitset 2016/05/16 v1.2 Handle bit-vector datatype (HO)
Package: uniquecounter 2016/05/16 v1.3 Provide unlimited unique counter (HO)
)
Package hobsub Info: Skipping package `hobsub' (already loaded).
Package: letltxmacro 2016/05/16 v1.5 Let assignment for LaTeX macros (HO)
Package: hopatch 2016/05/16 v1.3 Wrapper for package hooks (HO)
Package: xcolor-patch 2016/05/16 xcolor patch
Package: atveryend 2016/05/16 v1.9 Hooks at the very end of document (HO)
Package atveryend Info: \enddocument detected (standard20110627).
Package: atbegshi 2016/06/09 v1.18 At begin shipout hook (HO)
Package: refcount 2016/05/16 v3.5 Data extraction from label references (HO)
Package: hycolor 2016/05/16 v1.8 Color options for hyperref/bookmark (HO)
)
(/usr/local/texlive/2017/texmf-dist/tex/generic/ifxetex/ifxetex.sty
Package: ifxetex 2010/09/12 v0.6 Provides ifxetex conditional
)
(/usr/local/texlive/2017/texmf-dist/tex/latex/oberdiek/auxhook.sty
Package: auxhook 2016/05/16 v1.4 Hooks for auxiliary files (HO)
)
(/usr/local/texlive/2017/texmf-dist/tex/latex/oberdiek/kvoptions.sty
Package: kvoptions 2016/05/16 v3.12 Key value format for package options (HO)
)
\@linkdim=\dimen120
\Hy@linkcounter=\count107
\Hy@pagecounter=\count108

(/usr/local/texlive/2017/texmf-dist/tex/latex/hyperref/pd1enc.def
File: pd1enc.def 2017/03/14 v6.85a Hyperref: PDFDocEncoding definition (HO)
)
\Hy@SavedSpaceFactor=\count109

(/usr/local/texlive/2017/texmf-dist/tex/latex/latexconfig/hyperref.cfg
File: hyperref.cfg 2002/06/06 v1.2 hyperref configuration of TeXLive
)
Package hyperref Info: Hyper figures OFF on input line 4498.
Package hyperref Info: Link nesting OFF on input line 4503.
Package hyperref Info: Hyper index ON on input line 4506.
Package hyperref Info: Plain pages OFF on input line 4513.
Package hyperref Info: Backreferencing OFF on input line 4518.
Package hyperref Info: Implicit mode ON; LaTeX internals redefined.
Package hyperref Info: Bookmarks ON on input line 4751.
\c@Hy@tempcnt=\count110

(/usr/local/texlive/2017/texmf-dist/tex/latex/url/url.sty
\Urlmuskip=\muskip10
Package: url 2013/09/16  ver 3.4  Verb mode for urls, etc.
)
LaTeX Info: Redefining \url on input line 5104.
\XeTeXLinkMargin=\dimen121
\Fld@menulength=\count111
\Field@Width=\dimen122
\Fld@charsize=\dimen123
Package hyperref Info: Hyper figures OFF on input line 6358.
Package hyperref Info: Link nesting OFF on input line 6363.
Package hyperref Info: Hyper index ON on input line 6366.
Package hyperref Info: backreferencing OFF on input line 6373.
Package hyperref Info: Link coloring OFF on input line 6378.
Package hyperref Info: Link coloring with OCG OFF on input line 6383.
Package hyperref Info: PDF/A mode OFF on input line 6388.
LaTeX Info: Redefining \ref on input line 6428.
LaTeX Info: Redefining \pageref on input line 6432.
\Hy@abspage=\count112
\c@Item=\count113
\c@Hfootnote=\count114
)

Package hyperref Message: Driver (autodetected): hpdftex.

(/usr/local/texlive/2017/texmf-dist/tex/latex/hyperref/hpdftex.def
File: hpdftex.def 2017/03/14 v6.85a Hyperref driver for pdfTeX
\Fld@listcount=\count115
\c@bookmark@seq@number=\count116

(/usr/local/texlive/2017/texmf-dist/tex/latex/oberdiek/rerunfilecheck.sty
Package: rerunfilecheck 2016/05/16 v1.8 Rerun checks for auxiliary files (HO)
Package uniquecounter Info: New unique counter `rerunfilecheck' on input line 2
82.
)
\Hy@SectionHShift=\skip73
)
(/usr/local/texlive/2017/texmf-dist/tex/latex/multirow/multirow.sty
Package: multirow 2016/11/25 v2.2 Span multiple rows of a table
\multirow@colwidth=\skip74
\multirow@cntb=\count117
\multirow@dima=\skip75
\bigstrutjot=\dimen124
)
(/usr/local/texlive/2017/texmf-dist/tex/latex/tools/longtable.sty
Package: longtable 2014/10/28 v4.11 Multi-page Table package (DPC)
\LTleft=\skip76
\LTright=\skip77
\LTpre=\skip78
\LTpost=\skip79
\LTchunksize=\count118
\LTcapwidth=\dimen125
\LT@head=\box34
\LT@firsthead=\box35
\LT@foot=\box36
\LT@lastfoot=\box37
\LT@cols=\count119
\LT@rows=\count120
\c@LT@tables=\count121
\c@LT@chunks=\count122
\LT@p@ftn=\toks15
)
(/usr/local/texlive/2017/texmf-dist/tex/latex/amsmath/amsmath.sty
Package: amsmath 2016/11/05 v2.16a AMS math features
\@mathmargin=\skip80

For additional information on amsmath, use the `?' option.
(/usr/local/texlive/2017/texmf-dist/tex/latex/amsmath/amstext.sty
Package: amstext 2000/06/29 v2.01 AMS text

(/usr/local/texlive/2017/texmf-dist/tex/latex/amsmath/amsgen.sty
File: amsgen.sty 1999/11/30 v2.0 generic functions
\@emptytoks=\toks16
\ex@=\dimen126
))
(/usr/local/texlive/2017/texmf-dist/tex/latex/amsmath/amsbsy.sty
Package: amsbsy 1999/11/29 v1.2d Bold Symbols
\pmbraise@=\dimen127
)
(/usr/local/texlive/2017/texmf-dist/tex/latex/amsmath/amsopn.sty
Package: amsopn 2016/03/08 v2.02 operator names
)
\inf@bad=\count123
LaTeX Info: Redefining \frac on input line 213.
\uproot@=\count124
\leftroot@=\count125
LaTeX Info: Redefining \overline on input line 375.
\classnum@=\count126
\DOTSCASE@=\count127
LaTeX Info: Redefining \ldots on input line 472.
LaTeX Info: Redefining \dots on input line 475.
LaTeX Info: Redefining \cdots on input line 596.
\Mathstrutbox@=\box38
\strutbox@=\box39
\big@size=\dimen128
LaTeX Font Info:    Redeclaring font encoding OML on input line 712.
LaTeX Font Info:    Redeclaring font encoding OMS on input line 713.
\macc@depth=\count128
\c@MaxMatrixCols=\count129
\dotsspace@=\muskip11
\c@parentequation=\count130
\dspbrk@lvl=\count131
\tag@help=\toks17
\row@=\count132
\column@=\count133
\maxfields@=\count134
\andhelp@=\toks18
\eqnshift@=\dimen129
\alignsep@=\dimen130
\tagshift@=\dimen131
\tagwidth@=\dimen132
\totwidth@=\dimen133
\lineht@=\dimen134
\@envbody=\toks19
\multlinegap=\skip81
\multlinetaggap=\skip82
\mathdisplay@stack=\toks20
LaTeX Info: Redefining \[ on input line 2817.
LaTeX Info: Redefining \] on input line 2818.
)
Package hyperref Info: Option `colorlinks' set `true' on input line 25.
\@indexfile=\write3
\openout3 = `unlv-thesis.idx'.


Writing index file unlv-thesis.idx
\@input{my_macros.aux}
\openout2 = `my_macros.aux'.

(./my_macros.tex
\c@theorem=\count135
) (./unlv-thesis.aux

LaTeX Warning: Label `eq:Precision' multiply defined.

)
\openout1 = `unlv-thesis.aux'.

LaTeX Font Info:    Checking defaults for OML/cmm/m/it on input line 103.
LaTeX Font Info:    ... okay on input line 103.
LaTeX Font Info:    Checking defaults for T1/cmr/m/n on input line 103.
LaTeX Font Info:    ... okay on input line 103.
LaTeX Font Info:    Checking defaults for OT1/cmr/m/n on input line 103.
LaTeX Font Info:    ... okay on input line 103.
LaTeX Font Info:    Checking defaults for OMS/cmsy/m/n on input line 103.
LaTeX Font Info:    ... okay on input line 103.
LaTeX Font Info:    Checking defaults for OMX/cmex/m/n on input line 103.
LaTeX Font Info:    ... okay on input line 103.
LaTeX Font Info:    Checking defaults for U/cmr/m/n on input line 103.
LaTeX Font Info:    ... okay on input line 103.
LaTeX Font Info:    Checking defaults for PD1/pdf/m/n on input line 103.
LaTeX Font Info:    ... okay on input line 103.
 (/usr/local/texlive/2017/texmf-dist/tex/context/base/mkii/supp-pdf.mkii
[Loading MPS to PDF converter (version 2006.09.02).]
\scratchcounter=\count136
\scratchdimen=\dimen135
\scratchbox=\box40
\nofMPsegments=\count137
\nofMParguments=\count138
\everyMPshowfont=\toks21
\MPscratchCnt=\count139
\MPscratchDim=\dimen136
\MPnumerator=\count140
\makeMPintoPDFobject=\count141
\everyMPtoPDFconversion=\toks22
) (/usr/local/texlive/2017/texmf-dist/tex/latex/oberdiek/epstopdf-base.sty
Package: epstopdf-base 2016/05/15 v2.6 Base part for package epstopdf

(/usr/local/texlive/2017/texmf-dist/tex/latex/oberdiek/grfext.sty
Package: grfext 2016/05/16 v1.2 Manage graphics extensions (HO)
)
Package epstopdf-base Info: Redefining graphics rule for `.eps' on input line 4
38.
Package grfext Info: Graphics extension search list:
(grfext)             [.png,.pdf,.jpg,.mps,.jpeg,.jbig2,.jb2,.PNG,.PDF,.JPG,.JPE
G,.JBIG2,.JB2,.eps]
(grfext)             \AppendGraphicsExtensions on input line 456.

(/usr/local/texlive/2017/texmf-dist/tex/latex/latexconfig/epstopdf-sys.cfg
File: epstopdf-sys.cfg 2010/07/13 v1.3 Configuration of (r)epstopdf for TeX Liv
e
))
Package caption Info: Begin \AtBeginDocument code.
Package caption Info: hyperref package is loaded.
Package caption Info: longtable package is loaded.

(/usr/local/texlive/2017/texmf-dist/tex/latex/caption/ltcaption.sty
Package: ltcaption 2013/06/09 v1.4-94 longtable captions (AR)
)
Package caption Info: End \AtBeginDocument code.
\AtBeginShipoutBox=\box41
Package hyperref Info: Link coloring ON on input line 103.

(/usr/local/texlive/2017/texmf-dist/tex/latex/hyperref/nameref.sty
Package: nameref 2016/05/21 v2.44 Cross-referencing by name of section

(/usr/local/texlive/2017/texmf-dist/tex/generic/oberdiek/gettitlestring.sty
Package: gettitlestring 2016/05/16 v1.5 Cleanup title references (HO)
)
\c@section@level=\count142
)
LaTeX Info: Redefining \ref on input line 103.
LaTeX Info: Redefining \pageref on input line 103.
LaTeX Info: Redefining \nameref on input line 103.

(./unlv-thesis.out) (./unlv-thesis.out)
\@outlinefile=\write4
\openout4 = `unlv-thesis.out'.

LaTeX Font Info:    Try loading font information for OMS+cmr on input line 105.


(/usr/local/texlive/2017/texmf-dist/tex/latex/base/omscmr.fd
File: omscmr.fd 2014/09/29 v2.5h Standard LaTeX font definitions
)
LaTeX Font Info:    Font shape `OMS/cmr/m/n' in size <10.95> not available
(Font)              Font shape `OMS/cmsy/m/n' tried instead on input line 105.
 [1



{/usr/local/texlive/2017/texmf-var/fonts/map/pdftex/updmap/pdftex.map}] [2]
<./images/logo.pdf, id=279, 184.69pt x 65.24374pt>
File: ./images/logo.pdf Graphic file (type pdf)
 <use ./images/logo.pdf>
Package pdftex.def Info: ./images/logo.pdf used on input line 116.
(pdftex.def)             Requested size: 136.9249pt x 48.36958pt.

Underfull \hbox (badness 10000) in paragraph at lines 116--116

 []


Underfull \hbox (badness 10000) in paragraph at lines 116--116

 []


Underfull \hbox (badness 10000) in paragraph at lines 116--116

 []


Underfull \hbox (badness 10000) in paragraph at lines 116--116

 []


Underfull \hbox (badness 10000) in paragraph at lines 116--116

 []


Underfull \hbox (badness 10000) in paragraph at lines 116--116

 []


Underfull \hbox (badness 10000) in paragraph at lines 116--116

 []


Underfull \hbox (badness 10000) in paragraph at lines 116--116

 []


Underfull \hbox (badness 10000) in paragraph at lines 116--116

 []


Underfull \hbox (badness 10000) in paragraph at lines 116--116

 []


Underfull \hbox (badness 10000) in paragraph at lines 116--116

 []


Underfull \hbox (badness 10000) in paragraph at lines 116--116

 []

pdfTeX warning (ext4): destination with the same identifier (name{page.ii}) has
 been already used, duplicate ignored
<to be read again> 
                   \relax 
l.116 \electronicapprovalpage
                              [2

 <./images/logo.pdf>] [3

] [4

]
(./unlv-thesis.toc [5

] [6])
\tf@toc=\write5
\openout5 = `unlv-thesis.toc'.

 [7] (./unlv-thesis.lot)
\tf@lot=\write6
\openout6 = `unlv-thesis.lot'.

 [8


] (./unlv-thesis.lof
[9


])
\tf@lof=\write7
\openout7 = `unlv-thesis.lof'.

 [10]
Chapter 1.
[1



] <./images/freshmen_rates.png, id=642, 1010.77625pt x 570.13pt>
File: ./images/freshmen_rates.png Graphic file (type png)

<use ./images/freshmen_rates.png>
Package pdftex.def Info: ./images/freshmen_rates.png used on input line 180.
(pdftex.def)             Requested size: 454.84511pt x 256.55614pt.
 [2]
Underfull \hbox (badness 10000) in paragraph at lines 192--193

 []


Underfull \hbox (badness 10000) in paragraph at lines 194--196

 []


Underfull \hbox (badness 10000) in paragraph at lines 197--199

 []


Underfull \hbox (badness 10000) in paragraph at lines 200--201

 []

[3 <./images/freshmen_rates.png>] [4]
Chapter 2.
[5

]
Underfull \hbox (badness 10000) in paragraph at lines 219--222

 []


Underfull \hbox (badness 10000) in paragraph at lines 219--222

 []

[6]
Underfull \hbox (badness 10000) in paragraph at lines 229--230

 []

<./images/MLApproachFinal.png, id=701, 663.47874pt x 473.77pt>
File: ./images/MLApproachFinal.png Graphic file (type png)

<use ./images/MLApproachFinal.png>
Package pdftex.def Info: ./images/MLApproachFinal.png used on input line 256.
(pdftex.def)             Requested size: 331.73856pt x 236.88441pt.
 [7] [8 <./images/MLApproachFinal.png>]
[9] <./images/titanic-decision.png, id=721, 675.52374pt x 413.545pt>
File: ./images/titanic-decision.png Graphic file (type png)

<use ./images/titanic-decision.png>
Package pdftex.def Info: ./images/titanic-decision.png used on input line 292.
(pdftex.def)             Requested size: 337.76105pt x 206.77199pt.
 [10] [11 <./images/titanic-decision.png>]
<./images/randomforests.png, id=738, 769.87625pt x 403.5075pt>
File: ./images/randomforests.png Graphic file (type png)

<use ./images/randomforests.png>
Package pdftex.def Info: ./images/randomforests.png used on input line 317.
(pdftex.def)             Requested size: 461.92932pt x 242.10637pt.
 [12 <./images/randomforests.png>]
<./images/svm_example.png, id=749, 411.5375pt x 294.09875pt>
File: ./images/svm_example.png Graphic file (type png)

<use ./images/svm_example.png>
Package pdftex.def Info: ./images/svm_example.png used on input line 336.
(pdftex.def)             Requested size: 246.92441pt x 176.4606pt.
 [13] [14 <./images/svm_example.png (PNG copy)>]
<./images/Confusion_matrix.png, id=759, 578.16pt x 433.62pt>
File: ./images/Confusion_matrix.png Graphic file (type png)

<use ./images/Confusion_matrix.png>
Package pdftex.def Info: ./images/Confusion_matrix.png used on input line 355.
(pdftex.def)             Requested size: 346.89867pt x 260.17401pt.
 [15 <./images/Confusion_matrix.png>]
[16] [17]

Package hyperref Warning: Token not allowed in a PDF string (PDFDocEncoding):
(hyperref)                removing `\mathsurround' on input line 412.


Package hyperref Warning: Token not allowed in a PDF string (PDFDocEncoding):
(hyperref)                removing `\z@' on input line 412.


Package hyperref Warning: Token not allowed in a PDF string (PDFDocEncoding):
(hyperref)                removing `subscript' on input line 412.

<./images/ExampleROC.png, id=793, 504.4446pt x 385.9218pt>
File: ./images/ExampleROC.png Graphic file (type png)

<use ./images/ExampleROC.png>
Package pdftex.def Info: ./images/ExampleROC.png used on input line 430.
(pdftex.def)             Requested size: 302.66908pt x 231.55486pt.
 [18] [19 <./images/ExampleROC.png>]
Underfull \hbox (badness 10000) in paragraph at lines 444--445

 []

[20]
Chapter 3.

Overfull \hbox (27.00078pt too wide) in alignment at lines 459--465
 [] [] [] [] 
 []


Overfull \hbox (27.00078pt too wide) in alignment at lines 465--471
 [] [] [] [] 
 []


Overfull \hbox (27.00078pt too wide) in alignment at lines 471--473
 [] [] [] [] 
 []


Overfull \hbox (27.00078pt too wide) in alignment at lines 473--475
 [] [] [] [] 
 []


Overfull \hbox (27.00078pt too wide) in alignment at lines 475--496
 [] [] [] [] 
 []

[21

]
Overfull \hbox (27.00078pt too wide) in alignment at lines 496--516
 [] [] [] [] 
 []


Overfull \hbox (27.00078pt too wide) in alignment at lines 516--519
 [] [] [] [] 
 []

[22] [23] <./images/UnwHSGPAScores.png, id=829, 578.16pt x 433.62pt>
File: ./images/UnwHSGPAScores.png Graphic file (type png)

<use ./images/UnwHSGPAScores.png>
Package pdftex.def Info: ./images/UnwHSGPAScores.png used on input line 546.
(pdftex.def)             Requested size: 258.36667pt x 193.77081pt.

<./images/UnwHSGPAWithoutScores.png, id=830, 578.16pt x 433.62pt>
File: ./images/UnwHSGPAWithoutScores.png Graphic file (type png)

<use ./images/UnwHSGPAWithoutScores.png>
Package pdftex.def Info: ./images/UnwHSGPAWithoutScores.png used on input line 
554.
(pdftex.def)             Requested size: 258.36667pt x 193.77081pt.

Overfull \hbox (46.97835pt too wide) in paragraph at lines 545--558
 [][][] 
 []

[24] [25 <./images/UnwHSGPAScores.png> <./images/UnwHSGPAWithoutScores.png>]
Underfull \hbox (badness 3343) in paragraph at lines 588--588
[]\OT1/cmr/m/n/10.95 Table 3.3: |F2[]Not[]Retained out-come prob-a-bil-i-ties w
.r.t avail-abil-ity of data points in
 []

<./images/SATBoxPlot.png, id=846, 578.16pt x 289.08pt>
File: ./images/SATBoxPlot.png Graphic file (type png)

<use ./images/SATBoxPlot.png>
Package pdftex.def Info: ./images/SATBoxPlot.png used on input line 605.
(pdftex.def)             Requested size: 404.70924pt x 202.35461pt.
 [26 <./images/SATBoxPlot.png>]
<./images/Core-Unw-GPA-diff.png, id=857, 578.16pt x 433.62pt>
File: ./images/Core-Unw-GPA-diff.png Graphic file (type png)

<use ./images/Core-Unw-GPA-diff.png>
Package pdftex.def Info: ./images/Core-Unw-GPA-diff.png used on input line 619.

(pdftex.def)             Requested size: 258.36667pt x 193.77081pt.

<./images/Core-Unw-GPA-distribution.png, id=858, 578.16pt x 433.62pt>
File: ./images/Core-Unw-GPA-distribution.png Graphic file (type png)

<use ./images/Core-Unw-GPA-distribution.png>
Package pdftex.def Info: ./images/Core-Unw-GPA-distribution.png used on input l
ine 627.
(pdftex.def)             Requested size: 258.36667pt x 193.77081pt.

Overfull \hbox (46.97835pt too wide) in paragraph at lines 618--631
 [][][] 
 []

<./images/F1-MidTermGPA-distribution.png, id=859, 578.16pt x 433.62pt>
File: ./images/F1-MidTermGPA-distribution.png Graphic file (type png)

<use ./images/F1-MidTermGPA-distribution.png>
Package pdftex.def Info: ./images/F1-MidTermGPA-distribution.png used on input 
line 638.
(pdftex.def)             Requested size: 404.70924pt x 303.53192pt.
 [27 <./images/Core-Unw-GPA-diff.png> <./images/Core-Unw-GPA-distribution.png>]
 [28 <./images/F1-MidTermGPA-distribution.png>] [29]
<./images/NotRetained_fre_acadyear.png, id=878, 500.1084pt x 390.9807pt>
File: ./images/NotRetained_fre_acadyear.png Graphic file (type png)

<use ./images/NotRetained_fre_acadyear.png>
Package pdftex.def Info: ./images/NotRetained_fre_acadyear.png used on input li
ne 693.
(pdftex.def)             Requested size: 300.06735pt x 234.59023pt.

<./images/NotRetained_ipeds.png, id=880, 617.9085pt x 546.3612pt>
File: ./images/NotRetained_ipeds.png Graphic file (type png)

<use ./images/NotRetained_ipeds.png>
Package pdftex.def Info: ./images/NotRetained_ipeds.png used on input line 705.

(pdftex.def)             Requested size: 370.74796pt x 327.81924pt.
 [30]

LaTeX Warning: Text page 31 contains only floats.

[31 <./images/NotRetained_fre_acadyear.png> <./images/NotRetained_ipeds.png>]
<./images/mom_edu_countplot.png, id=894, 622.9674pt x 499.3857pt>
File: ./images/mom_edu_countplot.png Graphic file (type png)

<use ./images/mom_edu_countplot.png>
Package pdftex.def Info: ./images/mom_edu_countplot.png used on input line 742.

(pdftex.def)             Requested size: 404.92401pt x 324.59685pt.
 [32]

LaTeX Warning: Text page 33 contains only floats.

[33 <./images/mom_edu_countplot.png>]
<./images/dad_edu_countplot.png, id=907, 622.9674pt x 499.3857pt>
File: ./images/dad_edu_countplot.png Graphic file (type png)

<use ./images/dad_edu_countplot.png>
Package pdftex.def Info: ./images/dad_edu_countplot.png used on input line 782.

(pdftex.def)             Requested size: 373.78333pt x 299.63373pt.
 [34 <./images/dad_edu_countplot.png>]
<./images/college_countplot.png, id=914, 623.6901pt x 524.6802pt>
File: ./images/college_countplot.png Graphic file (type png)

<use ./images/college_countplot.png>
Package pdftex.def Info: ./images/college_countplot.png used on input line 815.

(pdftex.def)             Requested size: 405.39375pt x 341.03809pt.
 [35] [36 <./images/college_countplot.png>]
Chapter 4.
[37

] <./images/LR-Confusion_matrix.png, id=933, 578.16pt x 433.62pt>
File: ./images/LR-Confusion_matrix.png Graphic file (type png)

<use ./images/LR-Confusion_matrix.png>
Package pdftex.def Info: ./images/LR-Confusion_matrix.png used on input line 89
2.
(pdftex.def)             Requested size: 346.89867pt x 260.17401pt.
 [38]
<./images/LR-roc.png, id=942, 504.4446pt x 385.9218pt>
File: ./images/LR-roc.png Graphic file (type png)

<use ./images/LR-roc.png>
Package pdftex.def Info: ./images/LR-roc.png used on input line 915.
(pdftex.def)             Requested size: 302.66908pt x 231.55486pt.

<./images/LR-unseen-Confusion_matrix.png, id=945, 578.16pt x 433.62pt>
File: ./images/LR-unseen-Confusion_matrix.png Graphic file (type png)

<use ./images/LR-unseen-Confusion_matrix.png>
Package pdftex.def Info: ./images/LR-unseen-Confusion_matrix.png used on input 
line 926.
(pdftex.def)             Requested size: 346.89867pt x 260.17401pt.
 [39 <./images/LR-Confusion_matrix.png>]

LaTeX Warning: Text page 40 contains only floats.

[40 <./images/LR-roc.png> <./images/LR-unseen-Confusion_matrix.png>]
<./images/DTree-Confusion_matrix.png, id=960, 578.16pt x 433.62pt>
File: ./images/DTree-Confusion_matrix.png Graphic file (type png)

<use ./images/DTree-Confusion_matrix.png>
Package pdftex.def Info: ./images/DTree-Confusion_matrix.png used on input line
 952.
(pdftex.def)             Requested size: 346.89867pt x 260.17401pt.

<./images/DTree-roc.png, id=963, 504.4446pt x 385.9218pt>
File: ./images/DTree-roc.png Graphic file (type png)

<use ./images/DTree-roc.png>
Package pdftex.def Info: ./images/DTree-roc.png used on input line 974.
(pdftex.def)             Requested size: 302.66908pt x 231.55486pt.
 [41 <./images/DTree-Confusion_matrix.png>]
<./images/DTree-unseen-Confusion_matrix.png, id=971, 578.16pt x 433.62pt>
File: ./images/DTree-unseen-Confusion_matrix.png Graphic file (type png)

<use ./images/DTree-unseen-Confusion_matrix.png>
Package pdftex.def Info: ./images/DTree-unseen-Confusion_matrix.png used on inp
ut line 985.
(pdftex.def)             Requested size: 346.89867pt x 260.17401pt.
 [42 <./images/DTree-roc.png> <./images/DTree-unseen-Confusion_matrix.png>]
<./images/RF-Confusion_matrix.png, id=981, 578.16pt x 433.62pt>
File: ./images/RF-Confusion_matrix.png Graphic file (type png)

<use ./images/RF-Confusion_matrix.png>
Package pdftex.def Info: ./images/RF-Confusion_matrix.png used on input line 10
12.
(pdftex.def)             Requested size: 346.89867pt x 260.17401pt.

<./images/RF-roc.png, id=984, 504.4446pt x 385.9218pt>
File: ./images/RF-roc.png Graphic file (type png)

<use ./images/RF-roc.png>
Package pdftex.def Info: ./images/RF-roc.png used on input line 1033.
(pdftex.def)             Requested size: 302.66908pt x 231.55486pt.
 [43 <./images/RF-Confusion_matrix.png>]
<./images/RF-unseen-Confusion_matrix.png, id=991, 578.16pt x 433.62pt>
File: ./images/RF-unseen-Confusion_matrix.png Graphic file (type png)

<use ./images/RF-unseen-Confusion_matrix.png>
Package pdftex.def Info: ./images/RF-unseen-Confusion_matrix.png used on input 
line 1042.
(pdftex.def)             Requested size: 346.89867pt x 260.17401pt.
 [44 <./images/RF-roc.png>]
<./images/SVM-Confusion_matrix.png, id=1002, 578.16pt x 433.62pt>
File: ./images/SVM-Confusion_matrix.png Graphic file (type png)

<use ./images/SVM-Confusion_matrix.png>
Package pdftex.def Info: ./images/SVM-Confusion_matrix.png used on input line 1
070.
(pdftex.def)             Requested size: 346.89867pt x 260.17401pt.

<./images/SVM-roc.png, id=1005, 504.4446pt x 385.9218pt>
File: ./images/SVM-roc.png Graphic file (type png)

<use ./images/SVM-roc.png>
Package pdftex.def Info: ./images/SVM-roc.png used on input line 1091.
(pdftex.def)             Requested size: 302.66908pt x 231.55486pt.
 [45 <./images/RF-unseen-Confusion_matrix.png>]
<./images/SVM-unseen-Confusion_matrix.png, id=1013, 578.16pt x 433.62pt>
File: ./images/SVM-unseen-Confusion_matrix.png Graphic file (type png)

<use ./images/SVM-unseen-Confusion_matrix.png>
Package pdftex.def Info: ./images/SVM-unseen-Confusion_matrix.png used on input
 line 1102.
(pdftex.def)             Requested size: 346.89867pt x 260.17401pt.
 [46 <./images/SVM-Confusion_matrix.png> <./images/SVM-roc.png>] [47 <./images/
SVM-unseen-Confusion_matrix.png>] <./images/CompareML-roc.png, id=1029, 497.217
6pt x 371.4678pt>
File: ./images/CompareML-roc.png Graphic file (type png)

<use ./images/CompareML-roc.png>
Package pdftex.def Info: ./images/CompareML-roc.png used on input line 1152.
(pdftex.def)             Requested size: 348.04994pt x 260.02568pt.
 [48]
<./images/CompareML-unseen-roc.png, id=1036, 497.2176pt x 371.4678pt>
File: ./images/CompareML-unseen-roc.png Graphic file (type png)

<use ./images/CompareML-unseen-roc.png>
Package pdftex.def Info: ./images/CompareML-unseen-roc.png used on input line 1
185.
(pdftex.def)             Requested size: 348.04994pt x 260.02568pt.
 [49 <./images/CompareML-roc.png>]
<./images/LR-FeatImportance-15.png, id=1044, 722.7pt x 505.89pt>
File: ./images/LR-FeatImportance-15.png Graphic file (type png)

<use ./images/LR-FeatImportance-15.png>
Package pdftex.def Info: ./images/LR-FeatImportance-15.png used on input line 1
204.
(pdftex.def)             Requested size: 505.88655pt x 354.12057pt.

Overfull \hbox (36.13156pt too wide) in paragraph at lines 1204--1205
 [][] 
 []

[50 <./images/CompareML-unseen-roc.png>] [51 <./images/LR-FeatImportance-15.png
>] <./images/RF-FeatImportance-15.png, id=1059, 722.7pt x 505.89pt>
File: ./images/RF-FeatImportance-15.png Graphic file (type png)

<use ./images/RF-FeatImportance-15.png>
Package pdftex.def Info: ./images/RF-FeatImportance-15.png used on input line 1
217.
(pdftex.def)             Requested size: 505.88655pt x 354.12057pt.

Overfull \hbox (36.13156pt too wide) in paragraph at lines 1217--1218
 [][] 
 []

[52 <./images/RF-FeatImportance-15.png>]
<./images/riskscores.png, id=1067, 200.75pt x 323.2075pt>
File: ./images/riskscores.png Graphic file (type png)

<use ./images/riskscores.png>
Package pdftex.def Info: ./images/riskscores.png used on input line 1231.
(pdftex.def)             Requested size: 130.48595pt x 210.08238pt.
 [53 <./images/riskscores.png>]
Chapter 5.
[54

] (./unlv-thesis.bbl [55] [56

]) [57]pdfTeX warning (ext4): destination with the same identifier (name{chapte
r.1}) has been already used, duplicate ignored
<to be read again> 
                   \relax 
l.1260 \chapter{}
                  %% please leave this one blank - the vita stuff is sort of...
Curriculum Vitae .

Underfull \hbox (badness 10000) in paragraph at lines 1269--1275

 []


Underfull \hbox (badness 10000) in paragraph at lines 1269--1275

 []


Underfull \hbox (badness 10000) in paragraph at lines 1276--1277

 []


Underfull \hbox (badness 10000) in paragraph at lines 1278--1283

 []

Package atveryend Info: Empty hook `BeforeClearDocument' on input line 1284.
[58

]
Package atveryend Info: Empty hook `AfterLastShipout' on input line 1284.
 (./unlv-thesis.aux)
Package atveryend Info: Executing hook `AtVeryEndDocument' on input line 1284.
Package atveryend Info: Executing hook `AtEndAfterFileList' on input line 1284.

Package rerunfilecheck Info: File `unlv-thesis.out' has not changed.
(rerunfilecheck)             Checksum: 0B423C09470A39723EBAB9D7B504580F;5044.


LaTeX Warning: There were multiply-defined labels.

Package atveryend Info: Empty hook `AtVeryVeryEnd' on input line 1284.
 )
(\end occurred inside a group at level 1)

### simple group (level 1) entered at line 1061 ({)
### bottom level 
Here is how much of TeX's memory you used:
 9306 strings out of 492995
 141698 string characters out of 6132704
 269137 words of memory out of 5000000
 12492 multiletter control sequences out of 15000+600000
 11143 words of font info for 40 fonts, out of 8000000 for 9000
 1141 hyphenation exceptions out of 8191
 42i,13n,51p,1741b,7653s stack positions out of 5000i,500n,10000p,200000b,80000s
</usr/local/texlive/2017/texmf-dist/fonts/type1/public/amsfonts
/cm/cmbx10.pfb></usr/local/texlive/2017/texmf-dist/fonts/type1/public/amsfonts/
cm/cmbx12.pfb></usr/local/texlive/2017/texmf-dist/fonts/type1/public/amsfonts/c
m/cmbx8.pfb></usr/local/texlive/2017/texmf-dist/fonts/type1/public/amsfonts/cm/
cmcsc10.pfb></usr/local/texlive/2017/texmf-dist/fonts/type1/public/amsfonts/cm/
cmmi10.pfb></usr/local/texlive/2017/texmf-dist/fonts/type1/public/amsfonts/cm/c
mr10.pfb></usr/local/texlive/2017/texmf-dist/fonts/type1/public/amsfonts/cm/cmr
8.pfb></usr/local/texlive/2017/texmf-dist/fonts/type1/public/amsfonts/cm/cmsy10
.pfb></usr/local/texlive/2017/texmf-dist/fonts/type1/public/amsfonts/cm/cmsy8.p
fb></usr/local/texlive/2017/texmf-dist/fonts/type1/public/amsfonts/cm/cmti10.pf
b></usr/local/texlive/2017/texmf-dist/fonts/type1/public/amsfonts/cm/cmtt10.pfb
>
Output written on unlv-thesis.pdf (69 pages, 1247572 bytes).
PDF statistics:
 1188 PDF objects out of 1200 (max. 8388607)
 1023 compressed objects within 11 object streams
 218 named destinations out of 1000 (max. 500000)
 709 words of extra memory for PDF output out of 10000 (max. 10000000)

