\BOOKMARK [0][-]{chapter*.2}{Abstract}{}% 1
\BOOKMARK [0][-]{chapter*.3}{Acknowledgements}{}% 2
\BOOKMARK [0][-]{chapter*.4}{Table of Contents}{}% 3
\BOOKMARK [0][-]{chapter*.5}{List of Tables}{}% 4
\BOOKMARK [0][-]{chapter*.6}{List of Figures}{}% 5
\BOOKMARK [0][-]{chapter*.7}{List of Algorithms}{}% 6
\BOOKMARK [0][-]{chapter.1}{Chapter Introduction}{}% 7
\BOOKMARK [1][-]{section.1.1}{Objective}{chapter.1}% 8
\BOOKMARK [1][-]{section.1.2}{Outline}{chapter.1}% 9
\BOOKMARK [0][-]{chapter.2}{Chapter Background and Preliminaries}{}% 10
\BOOKMARK [1][-]{section.2.1}{Related Work}{chapter.2}% 11
\BOOKMARK [1][-]{section.2.2}{Preliminaries}{chapter.2}% 12
\BOOKMARK [2][-]{subsection.2.2.1}{High Utility Itemset Mining}{section.2.2}% 13
\BOOKMARK [2][-]{subsection.2.2.2}{Distributed Systems}{section.2.2}% 14
\BOOKMARK [0][-]{chapter.3}{Chapter Proposed System}{}% 15
\BOOKMARK [1][-]{section.3.1}{Method I - Pruning Strategies Approach}{chapter.3}% 16
\BOOKMARK [2][-]{subsection.3.1.1}{Construction of 1-HTWUIs Tree of Items}{section.3.1}% 17
\BOOKMARK [2][-]{subsection.3.1.2}{Node Selection Rule}{section.3.1}% 18
\BOOKMARK [2][-]{subsection.3.1.3}{Construction of Sub-tree of Itemsets}{section.3.1}% 19
\BOOKMARK [2][-]{subsection.3.1.4}{Pruning Strategies}{section.3.1}% 20
\BOOKMARK [2][-]{subsection.3.1.5}{Detailed Algorithm \(HUI-PR\)}{section.3.1}% 21
\BOOKMARK [1][-]{section.3.2}{Method II - Distributed EFIM}{chapter.3}% 22
\BOOKMARK [2][-]{subsection.3.2.1}{Generating 1-HTWUIs with their corresponding TWU}{section.3.2}% 23
\BOOKMARK [2][-]{subsection.3.2.2}{Generating Revised Transactional Database}{section.3.2}% 24
\BOOKMARK [2][-]{subsection.3.2.3}{Finding Local Utility and Sub-tree Utility of 1-HTWUIs}{section.3.2}% 25
\BOOKMARK [2][-]{subsection.3.2.4}{Sub-tree Assignment to Worker Nodes}{section.3.2}% 26
\BOOKMARK [2][-]{subsection.3.2.5}{Node Data Generation}{section.3.2}% 27
\BOOKMARK [2][-]{subsection.3.2.6}{Mining High Utility Itemsets}{section.3.2}% 28
\BOOKMARK [2][-]{subsection.3.2.7}{Overall Flow of EFIM Parallel Algorithm}{section.3.2}% 29
\BOOKMARK [0][-]{chapter.4}{Chapter Experimental Results}{}% 30
\BOOKMARK [1][-]{section.4.1}{Datasets}{chapter.4}% 31
\BOOKMARK [1][-]{section.4.2}{HUI-PR vs EFIM}{chapter.4}% 32
\BOOKMARK [2][-]{subsection.4.2.1}{Comparison of Computational Time}{section.4.2}% 33
\BOOKMARK [2][-]{subsection.4.2.2}{Comparison of HUIs}{section.4.2}% 34
\BOOKMARK [2][-]{subsection.4.2.3}{Comparison of Candidate Sets}{section.4.2}% 35
\BOOKMARK [1][-]{section.4.3}{EFIM-Par vs EFIM}{chapter.4}% 36
\BOOKMARK [2][-]{subsection.4.3.1}{Comparison of Computational Time}{section.4.3}% 37
\BOOKMARK [2][-]{subsection.4.3.2}{Comparison of HUIs}{section.4.3}% 38
\BOOKMARK [0][-]{chapter.5}{Chapter Conclusion and Future Work}{}% 39
\BOOKMARK [0][-]{chapter*.38}{Bibliography}{}% 40
\BOOKMARK [0][-]{chapter.1}{Curriculum Vitae }{}% 41
